<?xml version="1.0" encoding="UTF-8"?>
<!-- Generated by org.testng.reporters.JUnitReportReporter -->
<testsuite hostname="DESKTOP-LDDAN30" failures="0" tests="11" name="com.automationpractice.testcases.SeleniumAllTypeElementsTestCase" time="120.174" errors="0" timestamp="2021-06-19T02:23:52 EDT" skipped="1">
  <testcase classname="com.automationpractice.testcases.SeleniumAllTypeElementsTestCase" name="TextMessageTesting" time="12.240"/>
  <system-out/>
  <testcase classname="com.automationpractice.testcases.SeleniumAllTypeElementsTestCase" name="LinkTesting" time="14.056"/>
  <system-out/>
  <testcase classname="com.automationpractice.testcases.SeleniumAllTypeElementsTestCase" name="TextBoxTesting" time="10.075"/>
  <system-out/>
  <testcase classname="com.automationpractice.testcases.SeleniumAllTypeElementsTestCase" name="Buttontesting" time="13.735"/>
  <system-out/>
  <testcase classname="com.automationpractice.testcases.SeleniumAllTypeElementsTestCase" name="RadioButtonTesting" time="10.170"/>
  <system-out/>
  <testcase classname="com.automationpractice.testcases.SeleniumAllTypeElementsTestCase" name="CheckBoxTesting" time="10.197"/>
  <system-out/>
  <testcase classname="com.automationpractice.testcases.SeleniumAllTypeElementsTestCase" name="CheckDropBoxTesting" time="10.361"/>
  <system-out/>
  <testcase classname="com.automationpractice.testcases.SeleniumAllTypeElementsTestCase" name="CheckAlertTestingDoubleClick" time="11.669"/>
  <system-out/>
  <testcase classname="com.automationpractice.testcases.SeleniumAllTypeElementsTestCase" name="CheckAlertTestingSingleClick" time="17.429"/>
  <system-out/>
  <testcase classname="com.automationpractice.testcases.SeleniumAllTypeElementsTestCase" name="ChecksConfirmationAlertTeting" time="10.242"/>
  <system-out/>
  <testcase classname="com.automationpractice.testcases.SeleniumAllTypeElementsTestCase" name="CheckDragAndDrop">
    <skipped/>
  </testcase> <!-- CheckDragAndDrop -->
  <system-out/>
</testsuite> <!-- com.automationpractice.testcases.SeleniumAllTypeElementsTestCase -->
